2023-04-17T13:20:10+00:00 DEBUG tt4b_product_sync: missing access token for tt4b_product_sync
2023-04-17T13:20:14+00:00 DEBUG tt4b_product_sync: missing access token for tt4b_product_sync
2023-04-17T13:20:23+00:00 DEBUG tt4b_product_sync: missing access token for tt4b_product_sync
2023-04-17T13:20:24+00:00 DEBUG tt4b_product_sync: missing access token for tt4b_product_sync
2023-04-17T13:21:37+00:00 DEBUG tt4b_product_sync: missing access token for tt4b_product_sync
2023-04-17T13:21:59+00:00 DEBUG tt4b_product_sync: missing access token for tt4b_product_sync
2023-04-17T13:22:17+00:00 DEBUG tt4b_product_sync: missing access token for tt4b_product_sync
2023-04-17T13:25:37+00:00 DEBUG Tt4b_Pixel_Class::inject_add_to_cart_event: hit injectAddToCartEvent
2023-04-17T13:25:37+00:00 DEBUG Tt4b_Pixel_Class::inject_add_to_cart_event: Missing option "access_token"
2023-04-17T13:26:18+00:00 DEBUG Tt4b_Pixel_Class::inject_view_content_event: hit injectViewContentEvent
2023-04-17T13:26:18+00:00 DEBUG Tt4b_Pixel_Class::inject_view_content_event: Missing option "access_token"
2023-04-17T13:39:20+00:00 DEBUG Tt4b_Pixel_Class::inject_view_content_event: hit injectViewContentEvent
2023-04-17T13:39:20+00:00 DEBUG Tt4b_Pixel_Class::inject_view_content_event: Missing option "access_token"
2023-04-17T13:39:37+00:00 DEBUG Tt4b_Pixel_Class::inject_start_checkout: hit injectStartCheckout
2023-04-17T13:39:37+00:00 DEBUG Tt4b_Pixel_Class::inject_start_checkout: Missing option "access_token"
2023-04-17T13:43:26+00:00 DEBUG tt4b_product_sync: missing access token for tt4b_product_sync
2023-04-17T13:43:30+00:00 DEBUG tt4b_product_sync: missing access token for tt4b_product_sync
2023-04-17T13:43:33+00:00 DEBUG tt4b_product_sync: missing access token for tt4b_product_sync
2023-04-17T13:43:35+00:00 DEBUG tt4b_product_sync: missing access token for tt4b_product_sync
2023-04-17T13:43:35+00:00 DEBUG tt4b_product_sync: missing access token for tt4b_product_sync
2023-04-17T13:43:41+00:00 DEBUG tt4b_product_sync: missing access token for tt4b_product_sync
2023-04-17T13:43:41+00:00 DEBUG tt4b_product_sync: missing access token for tt4b_product_sync
2023-04-17T13:43:41+00:00 DEBUG tt4b_product_sync: missing access token for tt4b_product_sync
2023-04-17T13:44:10+00:00 DEBUG tt4b_product_sync: missing access token for tt4b_product_sync
2023-04-17T13:50:57+00:00 DEBUG tt4b_product_sync: missing access token for tt4b_product_sync
2023-04-17T13:51:24+00:00 DEBUG Tt4b_Pixel_Class::inject_view_content_event: hit injectViewContentEvent
2023-04-17T13:51:24+00:00 DEBUG Tt4b_Pixel_Class::inject_view_content_event: Missing option "access_token"
2023-04-17T13:53:05+00:00 DEBUG tt4b_product_sync: missing access token for tt4b_product_sync
2023-04-17T13:53:09+00:00 DEBUG Tt4b_Pixel_Class::inject_view_content_event: hit injectViewContentEvent
2023-04-17T13:53:09+00:00 DEBUG Tt4b_Pixel_Class::inject_view_content_event: Missing option "access_token"
2023-04-17T13:53:28+00:00 DEBUG Tt4b_Pixel_Class::inject_view_content_event: hit injectViewContentEvent
2023-04-17T13:53:28+00:00 DEBUG Tt4b_Pixel_Class::inject_view_content_event: Missing option "access_token"
2023-04-17T13:53:43+00:00 DEBUG Tt4b_Pixel_Class::inject_view_content_event: hit injectViewContentEvent
2023-04-17T13:53:43+00:00 DEBUG Tt4b_Pixel_Class::inject_view_content_event: Missing option "access_token"
2023-04-17T13:53:48+00:00 DEBUG Tt4b_Pixel_Class::inject_add_to_cart_event: hit injectAddToCartEvent
2023-04-17T13:53:48+00:00 DEBUG Tt4b_Pixel_Class::inject_add_to_cart_event: Missing option "access_token"
2023-04-17T13:53:49+00:00 DEBUG Tt4b_Pixel_Class::inject_view_content_event: hit injectViewContentEvent
2023-04-17T13:53:49+00:00 DEBUG Tt4b_Pixel_Class::inject_view_content_event: Missing option "access_token"
2023-04-17T14:01:20+00:00 DEBUG Tt4b_Pixel_Class::inject_view_content_event: hit injectViewContentEvent
2023-04-17T14:01:20+00:00 DEBUG Tt4b_Pixel_Class::inject_view_content_event: Missing option "access_token"
2023-04-17T14:01:31+00:00 DEBUG Tt4b_Pixel_Class::inject_add_to_cart_event: hit injectAddToCartEvent
2023-04-17T14:01:31+00:00 DEBUG Tt4b_Pixel_Class::inject_add_to_cart_event: Missing option "access_token"
2023-04-17T14:01:31+00:00 DEBUG Tt4b_Pixel_Class::inject_view_content_event: hit injectViewContentEvent
2023-04-17T14:01:31+00:00 DEBUG Tt4b_Pixel_Class::inject_view_content_event: Missing option "access_token"
2023-04-17T14:01:36+00:00 DEBUG Tt4b_Pixel_Class::inject_add_to_cart_event: hit injectAddToCartEvent
2023-04-17T14:01:36+00:00 DEBUG Tt4b_Pixel_Class::inject_add_to_cart_event: Missing option "access_token"
2023-04-17T14:01:36+00:00 DEBUG Tt4b_Pixel_Class::inject_view_content_event: hit injectViewContentEvent
2023-04-17T14:01:36+00:00 DEBUG Tt4b_Pixel_Class::inject_view_content_event: Missing option "access_token"
2023-04-17T14:01:40+00:00 DEBUG Tt4b_Pixel_Class::inject_add_to_cart_event: hit injectAddToCartEvent
2023-04-17T14:01:40+00:00 DEBUG Tt4b_Pixel_Class::inject_add_to_cart_event: Missing option "access_token"
2023-04-17T14:01:41+00:00 DEBUG Tt4b_Pixel_Class::inject_view_content_event: hit injectViewContentEvent
2023-04-17T14:01:41+00:00 DEBUG Tt4b_Pixel_Class::inject_view_content_event: Missing option "access_token"
2023-04-17T14:02:54+00:00 DEBUG Tt4b_Pixel_Class::inject_view_content_event: hit injectViewContentEvent
2023-04-17T14:02:54+00:00 DEBUG Tt4b_Pixel_Class::inject_view_content_event: Missing option "access_token"
2023-04-17T14:03:08+00:00 DEBUG Tt4b_Pixel_Class::inject_view_content_event: hit injectViewContentEvent
2023-04-17T14:03:08+00:00 DEBUG Tt4b_Pixel_Class::inject_view_content_event: Missing option "access_token"
2023-04-17T14:15:09+00:00 DEBUG tt4b_product_sync: missing access token for tt4b_product_sync
2023-04-17T14:15:14+00:00 DEBUG tt4b_product_sync: missing access token for tt4b_product_sync
2023-04-17T14:15:19+00:00 DEBUG tt4b_product_sync: missing access token for tt4b_product_sync
2023-04-17T14:15:25+00:00 DEBUG tt4b_product_sync: missing access token for tt4b_product_sync
2023-04-17T14:15:27+00:00 DEBUG tt4b_product_sync: missing access token for tt4b_product_sync
2023-04-17T14:16:13+00:00 DEBUG tt4b_product_sync: missing access token for tt4b_product_sync
2023-04-17T14:17:28+00:00 DEBUG tt4b_product_sync: missing access token for tt4b_product_sync
2023-04-17T14:17:44+00:00 DEBUG tt4b_product_sync: missing access token for tt4b_product_sync
2023-04-17T14:18:07+00:00 DEBUG Tt4b_Pixel_Class::inject_view_content_event: hit injectViewContentEvent
2023-04-17T14:18:07+00:00 DEBUG Tt4b_Pixel_Class::inject_view_content_event: Missing option "access_token"
2023-04-17T14:20:25+00:00 DEBUG tt4b_product_sync: missing access token for tt4b_product_sync
2023-04-17T14:20:45+00:00 DEBUG tt4b_product_sync: missing access token for tt4b_product_sync
2023-04-17T14:20:50+00:00 DEBUG Tt4b_Pixel_Class::inject_view_content_event: hit injectViewContentEvent
2023-04-17T14:20:50+00:00 DEBUG Tt4b_Pixel_Class::inject_view_content_event: Missing option "access_token"
2023-04-17T14:21:04+00:00 DEBUG Tt4b_Pixel_Class::inject_view_content_event: hit injectViewContentEvent
2023-04-17T14:21:04+00:00 DEBUG Tt4b_Pixel_Class::inject_view_content_event: Missing option "access_token"
2023-04-17T14:22:48+00:00 DEBUG tt4b_product_sync: missing access token for tt4b_product_sync
2023-04-17T14:23:01+00:00 DEBUG Tt4b_Pixel_Class::inject_view_content_event: hit injectViewContentEvent
2023-04-17T14:23:01+00:00 DEBUG Tt4b_Pixel_Class::inject_view_content_event: Missing option "access_token"
2023-04-17T14:23:16+00:00 DEBUG Tt4b_Pixel_Class::inject_add_to_cart_event: hit injectAddToCartEvent
2023-04-17T14:23:16+00:00 DEBUG Tt4b_Pixel_Class::inject_add_to_cart_event: Missing option "access_token"
2023-04-17T14:23:17+00:00 DEBUG Tt4b_Pixel_Class::inject_view_content_event: hit injectViewContentEvent
2023-04-17T14:23:17+00:00 DEBUG Tt4b_Pixel_Class::inject_view_content_event: Missing option "access_token"
2023-04-17T14:23:46+00:00 DEBUG tt4b_product_sync: missing access token for tt4b_product_sync
2023-04-17T14:23:54+00:00 DEBUG Tt4b_Pixel_Class::inject_add_to_cart_event: hit injectAddToCartEvent
2023-04-17T14:23:54+00:00 DEBUG Tt4b_Pixel_Class::inject_add_to_cart_event: Missing option "access_token"
2023-04-17T14:23:56+00:00 DEBUG Tt4b_Pixel_Class::inject_view_content_event: hit injectViewContentEvent
2023-04-17T14:23:56+00:00 DEBUG Tt4b_Pixel_Class::inject_view_content_event: Missing option "access_token"
2023-04-17T14:24:25+00:00 DEBUG Tt4b_Pixel_Class::inject_view_content_event: hit injectViewContentEvent
2023-04-17T14:24:25+00:00 DEBUG Tt4b_Pixel_Class::inject_view_content_event: Missing option "access_token"
2023-04-17T14:29:36+00:00 DEBUG tt4b_product_sync: missing access token for tt4b_product_sync
2023-04-17T14:29:52+00:00 DEBUG tt4b_product_sync: missing access token for tt4b_product_sync
2023-04-17T14:31:09+00:00 DEBUG tt4b_product_sync: missing access token for tt4b_product_sync
2023-04-17T14:33:12+00:00 DEBUG tt4b_product_sync: missing access token for tt4b_product_sync
2023-04-17T14:33:43+00:00 DEBUG Tt4b_Pixel_Class::inject_view_content_event: hit injectViewContentEvent
2023-04-17T14:33:43+00:00 DEBUG Tt4b_Pixel_Class::inject_view_content_event: Missing option "access_token"
2023-04-17T14:34:04+00:00 DEBUG Tt4b_Pixel_Class::inject_add_to_cart_event: hit injectAddToCartEvent
2023-04-17T14:34:04+00:00 DEBUG Tt4b_Pixel_Class::inject_add_to_cart_event: Missing option "access_token"
2023-04-17T14:34:05+00:00 DEBUG Tt4b_Pixel_Class::inject_view_content_event: hit injectViewContentEvent
2023-04-17T14:34:05+00:00 DEBUG Tt4b_Pixel_Class::inject_view_content_event: Missing option "access_token"
2023-04-17T14:34:11+00:00 DEBUG Tt4b_Pixel_Class::inject_add_to_cart_event: hit injectAddToCartEvent
2023-04-17T14:34:11+00:00 DEBUG Tt4b_Pixel_Class::inject_add_to_cart_event: Missing option "access_token"
2023-04-17T14:34:14+00:00 DEBUG Tt4b_Pixel_Class::inject_add_to_cart_event: hit injectAddToCartEvent
2023-04-17T14:34:14+00:00 DEBUG Tt4b_Pixel_Class::inject_add_to_cart_event: Missing option "access_token"
2023-04-17T14:34:14+00:00 DEBUG Tt4b_Pixel_Class::inject_add_to_cart_event: hit injectAddToCartEvent
2023-04-17T14:34:14+00:00 DEBUG Tt4b_Pixel_Class::inject_add_to_cart_event: Missing option "access_token"
2023-04-17T14:34:14+00:00 DEBUG Tt4b_Pixel_Class::inject_add_to_cart_event: hit injectAddToCartEvent
2023-04-17T14:34:14+00:00 DEBUG Tt4b_Pixel_Class::inject_add_to_cart_event: Missing option "access_token"
2023-04-17T14:34:14+00:00 DEBUG Tt4b_Pixel_Class::inject_add_to_cart_event: hit injectAddToCartEvent
2023-04-17T14:34:14+00:00 DEBUG Tt4b_Pixel_Class::inject_add_to_cart_event: Missing option "access_token"
2023-04-17T14:34:14+00:00 DEBUG Tt4b_Pixel_Class::inject_add_to_cart_event: hit injectAddToCartEvent
2023-04-17T14:34:14+00:00 DEBUG Tt4b_Pixel_Class::inject_add_to_cart_event: Missing option "access_token"
2023-04-17T14:34:14+00:00 DEBUG Tt4b_Pixel_Class::inject_add_to_cart_event: hit injectAddToCartEvent
2023-04-17T14:34:14+00:00 DEBUG Tt4b_Pixel_Class::inject_add_to_cart_event: Missing option "access_token"
2023-04-17T14:34:14+00:00 DEBUG Tt4b_Pixel_Class::inject_add_to_cart_event: hit injectAddToCartEvent
2023-04-17T14:34:14+00:00 DEBUG Tt4b_Pixel_Class::inject_add_to_cart_event: Missing option "access_token"
2023-04-17T14:34:15+00:00 DEBUG Tt4b_Pixel_Class::inject_add_to_cart_event: hit injectAddToCartEvent
2023-04-17T14:34:15+00:00 DEBUG Tt4b_Pixel_Class::inject_add_to_cart_event: Missing option "access_token"
2023-04-17T14:34:15+00:00 DEBUG Tt4b_Pixel_Class::inject_view_content_event: hit injectViewContentEvent
2023-04-17T14:34:15+00:00 DEBUG Tt4b_Pixel_Class::inject_view_content_event: Missing option "access_token"
2023-04-17T14:35:39+00:00 DEBUG tt4b_product_sync: missing access token for tt4b_product_sync
2023-04-17T14:35:39+00:00 DEBUG tt4b_product_delete: missing access token for tt4b_product_sync
2023-04-17T14:35:59+00:00 DEBUG Tt4b_Pixel_Class::inject_add_to_cart_event: hit injectAddToCartEvent
2023-04-17T14:35:59+00:00 DEBUG Tt4b_Pixel_Class::inject_add_to_cart_event: Missing option "access_token"
